<E2ETraceEvent xmlns="http://schemas.microsoft.com/2004/06/E2ETraceEvent"><System xmlns="http://schemas.microsoft.com/2004/06/windows/eventlog/system"><EventID>131075</EventID><Type>3</Type><SubType Name="Error">0</SubType><Level>2</Level><TimeCreated SystemTime="2015-08-14T10:09:09.6691174Z" /><Source Name="System.ServiceModel" /><Correlation ActivityID="{00000000-0000-0000-0000-000000000000}" /><Execution ProcessName="iisexpress" ProcessID="6688" ThreadID="8" /><Channel/><Computer>FRDS4ELLL7</Computer></System><ApplicationData><TraceData><DataItem><TraceRecord xmlns="http://schemas.microsoft.com/2004/10/E2ETraceEvent/TraceRecord" Severity="Error"><TraceIdentifier>http://msdn.microsoft.com/fr-FR/library/System.ServiceModel.Diagnostics.ThrowingException.aspx</TraceIdentifier><Description>Levée d'une exception.</Description><AppDomain>/LM/W3SVC/2/ROOT-1-130840205414151174</AppDomain><Exception><ExceptionType>System.ServiceModel.ProtocolException, System.ServiceModel, Version=4.0.0.0, Culture=neutral, PublicKeyToken=b77a5c561934e089</ExceptionType><Message>Un type de contenu application/soap+xml; charset=utf-8 a été envoyé à un service qui attendait le type text/xml; charset=utf-8. Les liaisons du client et du service peuvent ne pas être en correspondance.</Message><StackTrace>   à System.ServiceModel.Channels.HttpInput.ThrowHttpProtocolException(String message, HttpStatusCode statusCode, String statusDescription)
   à System.ServiceModel.Channels.HttpInput.ValidateContentType()
   à System.ServiceModel.Channels.HttpInput.ParseMessageAsyncResult.BeginParse()
   à System.ServiceModel.Channels.HttpInput.BeginParseIncomingMessage(HttpRequestMessage httpRequestMessage, AsyncCallback callback, Object state)
   à System.ServiceModel.Channels.HttpPipeline.EmptyHttpPipeline.BeginParseIncomingMessage(AsyncCallback asynCallback, Object state)
   à System.ServiceModel.Channels.HttpPipeline.EnqueueMessageAsyncResult..ctor(ReplyChannelAcceptor acceptor, Action dequeuedCallback, HttpPipeline pipeline, AsyncCallback callback, Object state)
   à System.ServiceModel.Channels.HttpPipeline.EmptyHttpPipeline.BeginProcessInboundRequest(ReplyChannelAcceptor replyChannelAcceptor, Action dequeuedCallback, AsyncCallback callback, Object state)
   à System.ServiceModel.Channels.HttpChannelListener`1.HttpContextReceivedAsyncResult`1.ProcessHttpContextAsync()
   à System.ServiceModel.Channels.HttpChannelListener`1.BeginHttpContextReceived(HttpRequestContext context, Action acceptorCallback, AsyncCallback callback, Object state)
   à System.ServiceModel.Activation.HostedHttpTransportManager.HttpContextReceived(HostedHttpRequestAsyncResult result)
   à System.ServiceModel.Activation.HostedHttpRequestAsyncResult.HandleRequest()
   à System.ServiceModel.Activation.HostedHttpRequestAsyncResult.BeginRequest()
   à System.ServiceModel.Activation.HostedHttpRequestAsyncResult.OnBeginRequest(Object state)
   à System.ServiceModel.AspNetPartialTrustHelpers.PartialTrustInvoke(ContextCallback callback, Object state)
   à System.ServiceModel.Activation.HostedHttpRequestAsyncResult.OnBeginRequestWithFlow(Object state)
   à System.Runtime.IOThreadScheduler.ScheduledOverlapped.IOCallback(UInt32 errorCode, UInt32 numBytes, NativeOverlapped* nativeOverlapped)
   à System.Runtime.Fx.IOCompletionThunk.UnhandledExceptionFrame(UInt32 error, UInt32 bytesRead, NativeOverlapped* nativeOverlapped)
   à System.Threading._IOCompletionCallback.PerformIOCompletionCallback(UInt32 errorCode, UInt32 numBytes, NativeOverlapped* pOVERLAP)
</StackTrace><ExceptionString>System.ServiceModel.ProtocolException: Un type de contenu application/soap+xml; charset=utf-8 a été envoyé à un service qui attendait le type text/xml; charset=utf-8. Les liaisons du client et du service peuvent ne pas être en correspondance.</ExceptionString><DataItems><Data><Key>System.ServiceModel.Channels.HttpInput.HttpStatusCode</Key><Value>UnsupportedMediaType</Value></Data><Data><Key>System.ServiceModel.Channels.HttpInput.HttpStatusDescription</Key><Value>Cannot process the message because the content type 'application/soap+xml; charset=utf-8' was not the expected type 'text/xml; charset=utf-8'.</Value></Data></DataItems></Exception></TraceRecord></DataItem></TraceData></ApplicationData></E2ETraceEvent><E2ETraceEvent xmlns="http://schemas.microsoft.com/2004/06/E2ETraceEvent"><System xmlns="http://schemas.microsoft.com/2004/06/windows/eventlog/system"><EventID>131075</EventID><Type>3</Type><SubType Name="Error">0</SubType><Level>2</Level><TimeCreated SystemTime="2015-08-14T10:09:10.0631174Z" /><Source Name="System.ServiceModel" /><Correlation ActivityID="{00000000-0000-0000-0000-000000000000}" /><Execution ProcessName="iisexpress" ProcessID="6688" ThreadID="11" /><Channel/><Computer>FRDS4ELLL7</Computer></System><ApplicationData><TraceData><DataItem><TraceRecord xmlns="http://schemas.microsoft.com/2004/10/E2ETraceEvent/TraceRecord" Severity="Error"><TraceIdentifier>http://msdn.microsoft.com/fr-FR/library/System.ServiceModel.Diagnostics.ThrowingException.aspx</TraceIdentifier><Description>Levée d'une exception.</Description><AppDomain>/LM/W3SVC/2/ROOT-1-130840205414151174</AppDomain><Exception><ExceptionType>System.ServiceModel.ProtocolException, System.ServiceModel, Version=4.0.0.0, Culture=neutral, PublicKeyToken=b77a5c561934e089</ExceptionType><Message>Un type de contenu application/soap+xml; charset=utf-8 a été envoyé à un service qui attendait le type text/xml; charset=utf-8. Les liaisons du client et du service peuvent ne pas être en correspondance.</Message><StackTrace>   à System.ServiceModel.Channels.HttpInput.ThrowHttpProtocolException(String message, HttpStatusCode statusCode, String statusDescription)
   à System.ServiceModel.Channels.HttpInput.ValidateContentType()
   à System.ServiceModel.Channels.HttpInput.ParseMessageAsyncResult.BeginParse()
   à System.ServiceModel.Channels.HttpInput.BeginParseIncomingMessage(HttpRequestMessage httpRequestMessage, AsyncCallback callback, Object state)
   à System.ServiceModel.Channels.HttpPipeline.EmptyHttpPipeline.BeginParseIncomingMessage(AsyncCallback asynCallback, Object state)
   à System.ServiceModel.Channels.HttpPipeline.EnqueueMessageAsyncResult..ctor(ReplyChannelAcceptor acceptor, Action dequeuedCallback, HttpPipeline pipeline, AsyncCallback callback, Object state)
   à System.ServiceModel.Channels.HttpPipeline.EmptyHttpPipeline.BeginProcessInboundRequest(ReplyChannelAcceptor replyChannelAcceptor, Action dequeuedCallback, AsyncCallback callback, Object state)
   à System.ServiceModel.Channels.HttpChannelListener`1.HttpContextReceivedAsyncResult`1.ProcessHttpContextAsync()
   à System.ServiceModel.Channels.HttpChannelListener`1.BeginHttpContextReceived(HttpRequestContext context, Action acceptorCallback, AsyncCallback callback, Object state)
   à System.ServiceModel.Activation.HostedHttpTransportManager.HttpContextReceived(HostedHttpRequestAsyncResult result)
   à System.ServiceModel.Activation.HostedHttpRequestAsyncResult.HandleRequest()
   à System.ServiceModel.Activation.HostedHttpRequestAsyncResult.BeginRequest()
   à System.ServiceModel.Activation.HostedHttpRequestAsyncResult.OnBeginRequest(Object state)
   à System.ServiceModel.AspNetPartialTrustHelpers.PartialTrustInvoke(ContextCallback callback, Object state)
   à System.ServiceModel.Activation.HostedHttpRequestAsyncResult.OnBeginRequestWithFlow(Object state)
   à System.Runtime.IOThreadScheduler.ScheduledOverlapped.IOCallback(UInt32 errorCode, UInt32 numBytes, NativeOverlapped* nativeOverlapped)
   à System.Runtime.Fx.IOCompletionThunk.UnhandledExceptionFrame(UInt32 error, UInt32 bytesRead, NativeOverlapped* nativeOverlapped)
   à System.Threading._IOCompletionCallback.PerformIOCompletionCallback(UInt32 errorCode, UInt32 numBytes, NativeOverlapped* pOVERLAP)
</StackTrace><ExceptionString>System.ServiceModel.ProtocolException: Un type de contenu application/soap+xml; charset=utf-8 a été envoyé à un service qui attendait le type text/xml; charset=utf-8. Les liaisons du client et du service peuvent ne pas être en correspondance.</ExceptionString><DataItems><Data><Key>System.ServiceModel.Channels.HttpInput.HttpStatusCode</Key><Value>UnsupportedMediaType</Value></Data><Data><Key>System.ServiceModel.Channels.HttpInput.HttpStatusDescription</Key><Value>Cannot process the message because the content type 'application/soap+xml; charset=utf-8' was not the expected type 'text/xml; charset=utf-8'.</Value></Data></DataItems></Exception></TraceRecord></DataItem></TraceData></ApplicationData></E2ETraceEvent><E2ETraceEvent xmlns="http://schemas.microsoft.com/2004/06/E2ETraceEvent"><System xmlns="http://schemas.microsoft.com/2004/06/windows/eventlog/system"><EventID>131075</EventID><Type>3</Type><SubType Name="Error">0</SubType><Level>2</Level><TimeCreated SystemTime="2015-08-14T10:09:59.7001174Z" /><Source Name="System.ServiceModel" /><Correlation ActivityID="{00000000-0000-0000-0000-000000000000}" /><Execution ProcessName="iisexpress" ProcessID="5360" ThreadID="9" /><Channel/><Computer>FRDS4ELLL7</Computer></System><ApplicationData><TraceData><DataItem><TraceRecord xmlns="http://schemas.microsoft.com/2004/10/E2ETraceEvent/TraceRecord" Severity="Error"><TraceIdentifier>http://msdn.microsoft.com/fr-FR/library/System.ServiceModel.Diagnostics.ThrowingException.aspx</TraceIdentifier><Description>Levée d'une exception.</Description><AppDomain>/LM/W3SVC/2/ROOT-1-130840205983161174</AppDomain><Exception><ExceptionType>System.ServiceModel.ProtocolException, System.ServiceModel, Version=4.0.0.0, Culture=neutral, PublicKeyToken=b77a5c561934e089</ExceptionType><Message>Un type de contenu application/soap+xml; charset=utf-8 a été envoyé à un service qui attendait le type text/xml; charset=utf-8. Les liaisons du client et du service peuvent ne pas être en correspondance.</Message><StackTrace>   à System.ServiceModel.Channels.HttpInput.ThrowHttpProtocolException(String message, HttpStatusCode statusCode, String statusDescription)
   à System.ServiceModel.Channels.HttpInput.ValidateContentType()
   à System.ServiceModel.Channels.HttpInput.ParseMessageAsyncResult.BeginParse()
   à System.ServiceModel.Channels.HttpInput.BeginParseIncomingMessage(HttpRequestMessage httpRequestMessage, AsyncCallback callback, Object state)
   à System.ServiceModel.Channels.HttpPipeline.EmptyHttpPipeline.BeginParseIncomingMessage(AsyncCallback asynCallback, Object state)
   à System.ServiceModel.Channels.HttpPipeline.EnqueueMessageAsyncResult..ctor(ReplyChannelAcceptor acceptor, Action dequeuedCallback, HttpPipeline pipeline, AsyncCallback callback, Object state)
   à System.ServiceModel.Channels.HttpPipeline.EmptyHttpPipeline.BeginProcessInboundRequest(ReplyChannelAcceptor replyChannelAcceptor, Action dequeuedCallback, AsyncCallback callback, Object state)
   à System.ServiceModel.Channels.HttpChannelListener`1.HttpContextReceivedAsyncResult`1.ProcessHttpContextAsync()
   à System.ServiceModel.Channels.HttpChannelListener`1.BeginHttpContextReceived(HttpRequestContext context, Action acceptorCallback, AsyncCallback callback, Object state)
   à System.ServiceModel.Activation.HostedHttpTransportManager.HttpContextReceived(HostedHttpRequestAsyncResult result)
   à System.ServiceModel.Activation.HostedHttpRequestAsyncResult.HandleRequest()
   à System.ServiceModel.Activation.HostedHttpRequestAsyncResult.BeginRequest()
   à System.ServiceModel.Activation.HostedHttpRequestAsyncResult.OnBeginRequest(Object state)
   à System.ServiceModel.AspNetPartialTrustHelpers.PartialTrustInvoke(ContextCallback callback, Object state)
   à System.ServiceModel.Activation.HostedHttpRequestAsyncResult.OnBeginRequestWithFlow(Object state)
   à System.Runtime.IOThreadScheduler.ScheduledOverlapped.IOCallback(UInt32 errorCode, UInt32 numBytes, NativeOverlapped* nativeOverlapped)
   à System.Runtime.Fx.IOCompletionThunk.UnhandledExceptionFrame(UInt32 error, UInt32 bytesRead, NativeOverlapped* nativeOverlapped)
   à System.Threading._IOCompletionCallback.PerformIOCompletionCallback(UInt32 errorCode, UInt32 numBytes, NativeOverlapped* pOVERLAP)
</StackTrace><ExceptionString>System.ServiceModel.ProtocolException: Un type de contenu application/soap+xml; charset=utf-8 a été envoyé à un service qui attendait le type text/xml; charset=utf-8. Les liaisons du client et du service peuvent ne pas être en correspondance.</ExceptionString><DataItems><Data><Key>System.ServiceModel.Channels.HttpInput.HttpStatusCode</Key><Value>UnsupportedMediaType</Value></Data><Data><Key>System.ServiceModel.Channels.HttpInput.HttpStatusDescription</Key><Value>Cannot process the message because the content type 'application/soap+xml; charset=utf-8' was not the expected type 'text/xml; charset=utf-8'.</Value></Data></DataItems></Exception></TraceRecord></DataItem></TraceData></ApplicationData></E2ETraceEvent><E2ETraceEvent xmlns="http://schemas.microsoft.com/2004/06/E2ETraceEvent"><System xmlns="http://schemas.microsoft.com/2004/06/windows/eventlog/system"><EventID>131075</EventID><Type>3</Type><SubType Name="Error">0</SubType><Level>2</Level><TimeCreated SystemTime="2015-08-14T10:09:59.7241174Z" /><Source Name="System.ServiceModel" /><Correlation ActivityID="{00000000-0000-0000-0000-000000000000}" /><Execution ProcessName="iisexpress" ProcessID="5360" ThreadID="11" /><Channel/><Computer>FRDS4ELLL7</Computer></System><ApplicationData><TraceData><DataItem><TraceRecord xmlns="http://schemas.microsoft.com/2004/10/E2ETraceEvent/TraceRecord" Severity="Error"><TraceIdentifier>http://msdn.microsoft.com/fr-FR/library/System.ServiceModel.Diagnostics.ThrowingException.aspx</TraceIdentifier><Description>Levée d'une exception.</Description><AppDomain>/LM/W3SVC/2/ROOT-1-130840205983161174</AppDomain><Exception><ExceptionType>System.ServiceModel.ProtocolException, System.ServiceModel, Version=4.0.0.0, Culture=neutral, PublicKeyToken=b77a5c561934e089</ExceptionType><Message>Un type de contenu application/soap+xml; charset=utf-8 a été envoyé à un service qui attendait le type text/xml; charset=utf-8. Les liaisons du client et du service peuvent ne pas être en correspondance.</Message><StackTrace>   à System.ServiceModel.Channels.HttpInput.ThrowHttpProtocolException(String message, HttpStatusCode statusCode, String statusDescription)
   à System.ServiceModel.Channels.HttpInput.ValidateContentType()
   à System.ServiceModel.Channels.HttpInput.ParseMessageAsyncResult.BeginParse()
   à System.ServiceModel.Channels.HttpInput.BeginParseIncomingMessage(HttpRequestMessage httpRequestMessage, AsyncCallback callback, Object state)
   à System.ServiceModel.Channels.HttpPipeline.EmptyHttpPipeline.BeginParseIncomingMessage(AsyncCallback asynCallback, Object state)
   à System.ServiceModel.Channels.HttpPipeline.EnqueueMessageAsyncResult..ctor(ReplyChannelAcceptor acceptor, Action dequeuedCallback, HttpPipeline pipeline, AsyncCallback callback, Object state)
   à System.ServiceModel.Channels.HttpPipeline.EmptyHttpPipeline.BeginProcessInboundRequest(ReplyChannelAcceptor replyChannelAcceptor, Action dequeuedCallback, AsyncCallback callback, Object state)
   à System.ServiceModel.Channels.HttpChannelListener`1.HttpContextReceivedAsyncResult`1.ProcessHttpContextAsync()
   à System.ServiceModel.Channels.HttpChannelListener`1.BeginHttpContextReceived(HttpRequestContext context, Action acceptorCallback, AsyncCallback callback, Object state)
   à System.ServiceModel.Activation.HostedHttpTransportManager.HttpContextReceived(HostedHttpRequestAsyncResult result)
   à System.ServiceModel.Activation.HostedHttpRequestAsyncResult.HandleRequest()
   à System.ServiceModel.Activation.HostedHttpRequestAsyncResult.BeginRequest()
   à System.ServiceModel.Activation.HostedHttpRequestAsyncResult.OnBeginRequest(Object state)
   à System.ServiceModel.AspNetPartialTrustHelpers.PartialTrustInvoke(ContextCallback callback, Object state)
   à System.ServiceModel.Activation.HostedHttpRequestAsyncResult.OnBeginRequestWithFlow(Object state)
   à System.Runtime.IOThreadScheduler.ScheduledOverlapped.IOCallback(UInt32 errorCode, UInt32 numBytes, NativeOverlapped* nativeOverlapped)
   à System.Runtime.Fx.IOCompletionThunk.UnhandledExceptionFrame(UInt32 error, UInt32 bytesRead, NativeOverlapped* nativeOverlapped)
   à System.Threading._IOCompletionCallback.PerformIOCompletionCallback(UInt32 errorCode, UInt32 numBytes, NativeOverlapped* pOVERLAP)
</StackTrace><ExceptionString>System.ServiceModel.ProtocolException: Un type de contenu application/soap+xml; charset=utf-8 a été envoyé à un service qui attendait le type text/xml; charset=utf-8. Les liaisons du client et du service peuvent ne pas être en correspondance.</ExceptionString><DataItems><Data><Key>System.ServiceModel.Channels.HttpInput.HttpStatusCode</Key><Value>UnsupportedMediaType</Value></Data><Data><Key>System.ServiceModel.Channels.HttpInput.HttpStatusDescription</Key><Value>Cannot process the message because the content type 'application/soap+xml; charset=utf-8' was not the expected type 'text/xml; charset=utf-8'.</Value></Data></DataItems></Exception></TraceRecord></DataItem></TraceData></ApplicationData></E2ETraceEvent><E2ETraceEvent xmlns="http://schemas.microsoft.com/2004/06/E2ETraceEvent"><System xmlns="http://schemas.microsoft.com/2004/06/windows/eventlog/system"><EventID>131075</EventID><Type>3</Type><SubType Name="Error">0</SubType><Level>2</Level><TimeCreated SystemTime="2015-08-14T10:13:06.2184409Z" /><Source Name="System.ServiceModel" /><Correlation ActivityID="{00000000-0000-0000-0000-000000000000}" /><Execution ProcessName="iisexpress" ProcessID="12612" ThreadID="9" /><Channel/><Computer>FRDS4ELLL7</Computer></System><ApplicationData><TraceData><DataItem><TraceRecord xmlns="http://schemas.microsoft.com/2004/10/E2ETraceEvent/TraceRecord" Severity="Error"><TraceIdentifier>http://msdn.microsoft.com/fr-FR/library/System.ServiceModel.Diagnostics.ThrowingException.aspx</TraceIdentifier><Description>Levée d'une exception.</Description><AppDomain>/LM/W3SVC/2/ROOT-1-130840207844879219</AppDomain><Exception><ExceptionType>System.ServiceModel.ProtocolException, System.ServiceModel, Version=4.0.0.0, Culture=neutral, PublicKeyToken=b77a5c561934e089</ExceptionType><Message>Un type de contenu application/soap+xml; charset=utf-8 a été envoyé à un service qui attendait le type text/xml; charset=utf-8. Les liaisons du client et du service peuvent ne pas être en correspondance.</Message><StackTrace>   à System.ServiceModel.Channels.HttpInput.ThrowHttpProtocolException(String message, HttpStatusCode statusCode, String statusDescription)
   à System.ServiceModel.Channels.HttpInput.ValidateContentType()
   à System.ServiceModel.Channels.HttpInput.ParseMessageAsyncResult.BeginParse()
   à System.ServiceModel.Channels.HttpInput.BeginParseIncomingMessage(HttpRequestMessage httpRequestMessage, AsyncCallback callback, Object state)
   à System.ServiceModel.Channels.HttpPipeline.EmptyHttpPipeline.BeginParseIncomingMessage(AsyncCallback asynCallback, Object state)
   à System.ServiceModel.Channels.HttpPipeline.EnqueueMessageAsyncResult..ctor(ReplyChannelAcceptor acceptor, Action dequeuedCallback, HttpPipeline pipeline, AsyncCallback callback, Object state)
   à System.ServiceModel.Channels.HttpPipeline.EmptyHttpPipeline.BeginProcessInboundRequest(ReplyChannelAcceptor replyChannelAcceptor, Action dequeuedCallback, AsyncCallback callback, Object state)
   à System.ServiceModel.Channels.HttpChannelListener`1.HttpContextReceivedAsyncResult`1.ProcessHttpContextAsync()
   à System.ServiceModel.Channels.HttpChannelListener`1.BeginHttpContextReceived(HttpRequestContext context, Action acceptorCallback, AsyncCallback callback, Object state)
   à System.ServiceModel.Activation.HostedHttpTransportManager.HttpContextReceived(HostedHttpRequestAsyncResult result)
   à System.ServiceModel.Activation.HostedHttpRequestAsyncResult.HandleRequest()
   à System.ServiceModel.Activation.HostedHttpRequestAsyncResult.BeginRequest()
   à System.ServiceModel.Activation.HostedHttpRequestAsyncResult.OnBeginRequest(Object state)
   à System.ServiceModel.AspNetPartialTrustHelpers.PartialTrustInvoke(ContextCallback callback, Object state)
   à System.ServiceModel.Activation.HostedHttpRequestAsyncResult.OnBeginRequestWithFlow(Object state)
   à System.Runtime.IOThreadScheduler.ScheduledOverlapped.IOCallback(UInt32 errorCode, UInt32 numBytes, NativeOverlapped* nativeOverlapped)
   à System.Runtime.Fx.IOCompletionThunk.UnhandledExceptionFrame(UInt32 error, UInt32 bytesRead, NativeOverlapped* nativeOverlapped)
   à System.Threading._IOCompletionCallback.PerformIOCompletionCallback(UInt32 errorCode, UInt32 numBytes, NativeOverlapped* pOVERLAP)
</StackTrace><ExceptionString>System.ServiceModel.ProtocolException: Un type de contenu application/soap+xml; charset=utf-8 a été envoyé à un service qui attendait le type text/xml; charset=utf-8. Les liaisons du client et du service peuvent ne pas être en correspondance.</ExceptionString><DataItems><Data><Key>System.ServiceModel.Channels.HttpInput.HttpStatusCode</Key><Value>UnsupportedMediaType</Value></Data><Data><Key>System.ServiceModel.Channels.HttpInput.HttpStatusDescription</Key><Value>Cannot process the message because the content type 'application/soap+xml; charset=utf-8' was not the expected type 'text/xml; charset=utf-8'.</Value></Data></DataItems></Exception></TraceRecord></DataItem></TraceData></ApplicationData></E2ETraceEvent><E2ETraceEvent xmlns="http://schemas.microsoft.com/2004/06/E2ETraceEvent"><System xmlns="http://schemas.microsoft.com/2004/06/windows/eventlog/system"><EventID>131075</EventID><Type>3</Type><SubType Name="Error">0</SubType><Level>2</Level><TimeCreated SystemTime="2015-08-14T10:13:06.2434484Z" /><Source Name="System.ServiceModel" /><Correlation ActivityID="{00000000-0000-0000-0000-000000000000}" /><Execution ProcessName="iisexpress" ProcessID="12612" ThreadID="10" /><Channel/><Computer>FRDS4ELLL7</Computer></System><ApplicationData><TraceData><DataItem><TraceRecord xmlns="http://schemas.microsoft.com/2004/10/E2ETraceEvent/TraceRecord" Severity="Error"><TraceIdentifier>http://msdn.microsoft.com/fr-FR/library/System.ServiceModel.Diagnostics.ThrowingException.aspx</TraceIdentifier><Description>Levée d'une exception.</Description><AppDomain>/LM/W3SVC/2/ROOT-1-130840207844879219</AppDomain><Exception><ExceptionType>System.ServiceModel.ProtocolException, System.ServiceModel, Version=4.0.0.0, Culture=neutral, PublicKeyToken=b77a5c561934e089</ExceptionType><Message>Un type de contenu application/soap+xml; charset=utf-8 a été envoyé à un service qui attendait le type text/xml; charset=utf-8. Les liaisons du client et du service peuvent ne pas être en correspondance.</Message><StackTrace>   à System.ServiceModel.Channels.HttpInput.ThrowHttpProtocolException(String message, HttpStatusCode statusCode, String statusDescription)
   à System.ServiceModel.Channels.HttpInput.ValidateContentType()
   à System.ServiceModel.Channels.HttpInput.ParseMessageAsyncResult.BeginParse()
   à System.ServiceModel.Channels.HttpInput.BeginParseIncomingMessage(HttpRequestMessage httpRequestMessage, AsyncCallback callback, Object state)
   à System.ServiceModel.Channels.HttpPipeline.EmptyHttpPipeline.BeginParseIncomingMessage(AsyncCallback asynCallback, Object state)
   à System.ServiceModel.Channels.HttpPipeline.EnqueueMessageAsyncResult..ctor(ReplyChannelAcceptor acceptor, Action dequeuedCallback, HttpPipeline pipeline, AsyncCallback callback, Object state)
   à System.ServiceModel.Channels.HttpPipeline.EmptyHttpPipeline.BeginProcessInboundRequest(ReplyChannelAcceptor replyChannelAcceptor, Action dequeuedCallback, AsyncCallback callback, Object state)
   à System.ServiceModel.Channels.HttpChannelListener`1.HttpContextReceivedAsyncResult`1.ProcessHttpContextAsync()
   à System.ServiceModel.Channels.HttpChannelListener`1.BeginHttpContextReceived(HttpRequestContext context, Action acceptorCallback, AsyncCallback callback, Object state)
   à System.ServiceModel.Activation.HostedHttpTransportManager.HttpContextReceived(HostedHttpRequestAsyncResult result)
   à System.ServiceModel.Activation.HostedHttpRequestAsyncResult.HandleRequest()
   à System.ServiceModel.Activation.HostedHttpRequestAsyncResult.BeginRequest()
   à System.ServiceModel.Activation.HostedHttpRequestAsyncResult.OnBeginRequest(Object state)
   à System.ServiceModel.AspNetPartialTrustHelpers.PartialTrustInvoke(ContextCallback callback, Object state)
   à System.ServiceModel.Activation.HostedHttpRequestAsyncResult.OnBeginRequestWithFlow(Object state)
   à System.Runtime.IOThreadScheduler.ScheduledOverlapped.IOCallback(UInt32 errorCode, UInt32 numBytes, NativeOverlapped* nativeOverlapped)
   à System.Runtime.Fx.IOCompletionThunk.UnhandledExceptionFrame(UInt32 error, UInt32 bytesRead, NativeOverlapped* nativeOverlapped)
   à System.Threading._IOCompletionCallback.PerformIOCompletionCallback(UInt32 errorCode, UInt32 numBytes, NativeOverlapped* pOVERLAP)
</StackTrace><ExceptionString>System.ServiceModel.ProtocolException: Un type de contenu application/soap+xml; charset=utf-8 a été envoyé à un service qui attendait le type text/xml; charset=utf-8. Les liaisons du client et du service peuvent ne pas être en correspondance.</ExceptionString><DataItems><Data><Key>System.ServiceModel.Channels.HttpInput.HttpStatusCode</Key><Value>UnsupportedMediaType</Value></Data><Data><Key>System.ServiceModel.Channels.HttpInput.HttpStatusDescription</Key><Value>Cannot process the message because the content type 'application/soap+xml; charset=utf-8' was not the expected type 'text/xml; charset=utf-8'.</Value></Data></DataItems></Exception></TraceRecord></DataItem></TraceData></ApplicationData></E2ETraceEvent><E2ETraceEvent xmlns="http://schemas.microsoft.com/2004/06/E2ETraceEvent"><System xmlns="http://schemas.microsoft.com/2004/06/windows/eventlog/system"><EventID>131075</EventID><Type>3</Type><SubType Name="Error">0</SubType><Level>2</Level><TimeCreated SystemTime="2015-08-14T10:25:10.5383061Z" /><Source Name="System.ServiceModel" /><Correlation ActivityID="{00000000-0000-0000-0000-000000000000}" /><Execution ProcessName="iisexpress" ProcessID="436" ThreadID="9" /><Channel/><Computer>FRDS4ELLL7</Computer></System><ApplicationData><TraceData><DataItem><TraceRecord xmlns="http://schemas.microsoft.com/2004/10/E2ETraceEvent/TraceRecord" Severity="Error"><TraceIdentifier>http://msdn.microsoft.com/fr-FR/library/System.ServiceModel.Diagnostics.ThrowingException.aspx</TraceIdentifier><Description>Levée d'une exception.</Description><AppDomain>/LM/W3SVC/2/ROOT-1-130840215094211944</AppDomain><Exception><ExceptionType>System.ServiceModel.ProtocolException, System.ServiceModel, Version=4.0.0.0, Culture=neutral, PublicKeyToken=b77a5c561934e089</ExceptionType><Message>Un type de contenu application/soap+xml; charset=utf-8 a été envoyé à un service qui attendait le type text/xml; charset=utf-8. Les liaisons du client et du service peuvent ne pas être en correspondance.</Message><StackTrace>   à System.ServiceModel.Channels.HttpInput.ThrowHttpProtocolException(String message, HttpStatusCode statusCode, String statusDescription)
   à System.ServiceModel.Channels.HttpInput.ValidateContentType()
   à System.ServiceModel.Channels.HttpInput.ParseMessageAsyncResult.BeginParse()
   à System.ServiceModel.Channels.HttpInput.BeginParseIncomingMessage(HttpRequestMessage httpRequestMessage, AsyncCallback callback, Object state)
   à System.ServiceModel.Channels.HttpPipeline.EmptyHttpPipeline.BeginParseIncomingMessage(AsyncCallback asynCallback, Object state)
   à System.ServiceModel.Channels.HttpPipeline.EnqueueMessageAsyncResult..ctor(ReplyChannelAcceptor acceptor, Action dequeuedCallback, HttpPipeline pipeline, AsyncCallback callback, Object state)
   à System.ServiceModel.Channels.HttpPipeline.EmptyHttpPipeline.BeginProcessInboundRequest(ReplyChannelAcceptor replyChannelAcceptor, Action dequeuedCallback, AsyncCallback callback, Object state)
   à System.ServiceModel.Channels.HttpChannelListener`1.HttpContextReceivedAsyncResult`1.ProcessHttpContextAsync()
   à System.ServiceModel.Channels.HttpChannelListener`1.BeginHttpContextReceived(HttpRequestContext context, Action acceptorCallback, AsyncCallback callback, Object state)
   à System.ServiceModel.Activation.HostedHttpTransportManager.HttpContextReceived(HostedHttpRequestAsyncResult result)
   à System.ServiceModel.Activation.HostedHttpRequestAsyncResult.HandleRequest()
   à System.ServiceModel.Activation.HostedHttpRequestAsyncResult.BeginRequest()
   à System.ServiceModel.Activation.HostedHttpRequestAsyncResult.OnBeginRequest(Object state)
   à System.ServiceModel.AspNetPartialTrustHelpers.PartialTrustInvoke(ContextCallback callback, Object state)
   à System.ServiceModel.Activation.HostedHttpRequestAsyncResult.OnBeginRequestWithFlow(Object state)
   à System.Runtime.IOThreadScheduler.ScheduledOverlapped.IOCallback(UInt32 errorCode, UInt32 numBytes, NativeOverlapped* nativeOverlapped)
   à System.Runtime.Fx.IOCompletionThunk.UnhandledExceptionFrame(UInt32 error, UInt32 bytesRead, NativeOverlapped* nativeOverlapped)
   à System.Threading._IOCompletionCallback.PerformIOCompletionCallback(UInt32 errorCode, UInt32 numBytes, NativeOverlapped* pOVERLAP)
</StackTrace><ExceptionString>System.ServiceModel.ProtocolException: Un type de contenu application/soap+xml; charset=utf-8 a été envoyé à un service qui attendait le type text/xml; charset=utf-8. Les liaisons du client et du service peuvent ne pas être en correspondance.</ExceptionString><DataItems><Data><Key>System.ServiceModel.Channels.HttpInput.HttpStatusCode</Key><Value>UnsupportedMediaType</Value></Data><Data><Key>System.ServiceModel.Channels.HttpInput.HttpStatusDescription</Key><Value>Cannot process the message because the content type 'application/soap+xml; charset=utf-8' was not the expected type 'text/xml; charset=utf-8'.</Value></Data></DataItems></Exception></TraceRecord></DataItem></TraceData></ApplicationData></E2ETraceEvent><E2ETraceEvent xmlns="http://schemas.microsoft.com/2004/06/E2ETraceEvent"><System xmlns="http://schemas.microsoft.com/2004/06/windows/eventlog/system"><EventID>131075</EventID><Type>3</Type><SubType Name="Error">0</SubType><Level>2</Level><TimeCreated SystemTime="2015-08-14T10:25:10.5623085Z" /><Source Name="System.ServiceModel" /><Correlation ActivityID="{00000000-0000-0000-0000-000000000000}" /><Execution ProcessName="iisexpress" ProcessID="436" ThreadID="9" /><Channel/><Computer>FRDS4ELLL7</Computer></System><ApplicationData><TraceData><DataItem><TraceRecord xmlns="http://schemas.microsoft.com/2004/10/E2ETraceEvent/TraceRecord" Severity="Error"><TraceIdentifier>http://msdn.microsoft.com/fr-FR/library/System.ServiceModel.Diagnostics.ThrowingException.aspx</TraceIdentifier><Description>Levée d'une exception.</Description><AppDomain>/LM/W3SVC/2/ROOT-1-130840215094211944</AppDomain><Exception><ExceptionType>System.ServiceModel.ProtocolException, System.ServiceModel, Version=4.0.0.0, Culture=neutral, PublicKeyToken=b77a5c561934e089</ExceptionType><Message>Un type de contenu application/soap+xml; charset=utf-8 a été envoyé à un service qui attendait le type text/xml; charset=utf-8. Les liaisons du client et du service peuvent ne pas être en correspondance.</Message><StackTrace>   à System.ServiceModel.Channels.HttpInput.ThrowHttpProtocolException(String message, HttpStatusCode statusCode, String statusDescription)
   à System.ServiceModel.Channels.HttpInput.ValidateContentType()
   à System.ServiceModel.Channels.HttpInput.ParseMessageAsyncResult.BeginParse()
   à System.ServiceModel.Channels.HttpInput.BeginParseIncomingMessage(HttpRequestMessage httpRequestMessage, AsyncCallback callback, Object state)
   à System.ServiceModel.Channels.HttpPipeline.EmptyHttpPipeline.BeginParseIncomingMessage(AsyncCallback asynCallback, Object state)
   à System.ServiceModel.Channels.HttpPipeline.EnqueueMessageAsyncResult..ctor(ReplyChannelAcceptor acceptor, Action dequeuedCallback, HttpPipeline pipeline, AsyncCallback callback, Object state)
   à System.ServiceModel.Channels.HttpPipeline.EmptyHttpPipeline.BeginProcessInboundRequest(ReplyChannelAcceptor replyChannelAcceptor, Action dequeuedCallback, AsyncCallback callback, Object state)
   à System.ServiceModel.Channels.HttpChannelListener`1.HttpContextReceivedAsyncResult`1.ProcessHttpContextAsync()
   à System.ServiceModel.Channels.HttpChannelListener`1.BeginHttpContextReceived(HttpRequestContext context, Action acceptorCallback, AsyncCallback callback, Object state)
   à System.ServiceModel.Activation.HostedHttpTransportManager.HttpContextReceived(HostedHttpRequestAsyncResult result)
   à System.ServiceModel.Activation.HostedHttpRequestAsyncResult.HandleRequest()
   à System.ServiceModel.Activation.HostedHttpRequestAsyncResult.BeginRequest()
   à System.ServiceModel.Activation.HostedHttpRequestAsyncResult.OnBeginRequest(Object state)
   à System.ServiceModel.AspNetPartialTrustHelpers.PartialTrustInvoke(ContextCallback callback, Object state)
   à System.ServiceModel.Activation.HostedHttpRequestAsyncResult.OnBeginRequestWithFlow(Object state)
   à System.Runtime.IOThreadScheduler.ScheduledOverlapped.IOCallback(UInt32 errorCode, UInt32 numBytes, NativeOverlapped* nativeOverlapped)
   à System.Runtime.Fx.IOCompletionThunk.UnhandledExceptionFrame(UInt32 error, UInt32 bytesRead, NativeOverlapped* nativeOverlapped)
   à System.Threading._IOCompletionCallback.PerformIOCompletionCallback(UInt32 errorCode, UInt32 numBytes, NativeOverlapped* pOVERLAP)
</StackTrace><ExceptionString>System.ServiceModel.ProtocolException: Un type de contenu application/soap+xml; charset=utf-8 a été envoyé à un service qui attendait le type text/xml; charset=utf-8. Les liaisons du client et du service peuvent ne pas être en correspondance.</ExceptionString><DataItems><Data><Key>System.ServiceModel.Channels.HttpInput.HttpStatusCode</Key><Value>UnsupportedMediaType</Value></Data><Data><Key>System.ServiceModel.Channels.HttpInput.HttpStatusDescription</Key><Value>Cannot process the message because the content type 'application/soap+xml; charset=utf-8' was not the expected type 'text/xml; charset=utf-8'.</Value></Data></DataItems></Exception></TraceRecord></DataItem></TraceData></ApplicationData></E2ETraceEvent><E2ETraceEvent xmlns="http://schemas.microsoft.com/2004/06/E2ETraceEvent"><System xmlns="http://schemas.microsoft.com/2004/06/windows/eventlog/system"><EventID>131075</EventID><Type>3</Type><SubType Name="Error">0</SubType><Level>2</Level><TimeCreated SystemTime="2015-08-14T10:25:57.0389557Z" /><Source Name="System.ServiceModel" /><Correlation ActivityID="{00000000-0000-0000-0000-000000000000}" /><Execution ProcessName="iisexpress" ProcessID="5212" ThreadID="9" /><Channel/><Computer>FRDS4ELLL7</Computer></System><ApplicationData><TraceData><DataItem><TraceRecord xmlns="http://schemas.microsoft.com/2004/10/E2ETraceEvent/TraceRecord" Severity="Error"><TraceIdentifier>http://msdn.microsoft.com/fr-FR/library/System.ServiceModel.Diagnostics.ThrowingException.aspx</TraceIdentifier><Description>Levée d'une exception.</Description><AppDomain>/LM/W3SVC/2/ROOT-1-130840215559418460</AppDomain><Exception><ExceptionType>System.ServiceModel.ProtocolException, System.ServiceModel, Version=4.0.0.0, Culture=neutral, PublicKeyToken=b77a5c561934e089</ExceptionType><Message>Un type de contenu application/soap+xml; charset=utf-8 a été envoyé à un service qui attendait le type text/xml; charset=utf-8. Les liaisons du client et du service peuvent ne pas être en correspondance.</Message><StackTrace>   à System.ServiceModel.Channels.HttpInput.ThrowHttpProtocolException(String message, HttpStatusCode statusCode, String statusDescription)
   à System.ServiceModel.Channels.HttpInput.ValidateContentType()
   à System.ServiceModel.Channels.HttpInput.ParseMessageAsyncResult.BeginParse()
   à System.ServiceModel.Channels.HttpInput.BeginParseIncomingMessage(HttpRequestMessage httpRequestMessage, AsyncCallback callback, Object state)
   à System.ServiceModel.Channels.HttpPipeline.EmptyHttpPipeline.BeginParseIncomingMessage(AsyncCallback asynCallback, Object state)
   à System.ServiceModel.Channels.HttpPipeline.EnqueueMessageAsyncResult..ctor(ReplyChannelAcceptor acceptor, Action dequeuedCallback, HttpPipeline pipeline, AsyncCallback callback, Object state)
   à System.ServiceModel.Channels.HttpPipeline.EmptyHttpPipeline.BeginProcessInboundRequest(ReplyChannelAcceptor replyChannelAcceptor, Action dequeuedCallback, AsyncCallback callback, Object state)
   à System.ServiceModel.Channels.HttpChannelListener`1.HttpContextReceivedAsyncResult`1.ProcessHttpContextAsync()
   à System.ServiceModel.Channels.HttpChannelListener`1.BeginHttpContextReceived(HttpRequestContext context, Action acceptorCallback, AsyncCallback callback, Object state)
   à System.ServiceModel.Activation.HostedHttpTransportManager.HttpContextReceived(HostedHttpRequestAsyncResult result)
   à System.ServiceModel.Activation.HostedHttpRequestAsyncResult.HandleRequest()
   à System.ServiceModel.Activation.HostedHttpRequestAsyncResult.BeginRequest()
   à System.ServiceModel.Activation.HostedHttpRequestAsyncResult.OnBeginRequest(Object state)
   à System.ServiceModel.AspNetPartialTrustHelpers.PartialTrustInvoke(ContextCallback callback, Object state)
   à System.ServiceModel.Activation.HostedHttpRequestAsyncResult.OnBeginRequestWithFlow(Object state)
   à System.Runtime.IOThreadScheduler.ScheduledOverlapped.IOCallback(UInt32 errorCode, UInt32 numBytes, NativeOverlapped* nativeOverlapped)
   à System.Runtime.Fx.IOCompletionThunk.UnhandledExceptionFrame(UInt32 error, UInt32 bytesRead, NativeOverlapped* nativeOverlapped)
   à System.Threading._IOCompletionCallback.PerformIOCompletionCallback(UInt32 errorCode, UInt32 numBytes, NativeOverlapped* pOVERLAP)
</StackTrace><ExceptionString>System.ServiceModel.ProtocolException: Un type de contenu application/soap+xml; charset=utf-8 a été envoyé à un service qui attendait le type text/xml; charset=utf-8. Les liaisons du client et du service peuvent ne pas être en correspondance.</ExceptionString><DataItems><Data><Key>System.ServiceModel.Channels.HttpInput.HttpStatusCode</Key><Value>UnsupportedMediaType</Value></Data><Data><Key>System.ServiceModel.Channels.HttpInput.HttpStatusDescription</Key><Value>Cannot process the message because the content type 'application/soap+xml; charset=utf-8' was not the expected type 'text/xml; charset=utf-8'.</Value></Data></DataItems></Exception></TraceRecord></DataItem></TraceData></ApplicationData></E2ETraceEvent><E2ETraceEvent xmlns="http://schemas.microsoft.com/2004/06/E2ETraceEvent"><System xmlns="http://schemas.microsoft.com/2004/06/windows/eventlog/system"><EventID>131075</EventID><Type>3</Type><SubType Name="Error">0</SubType><Level>2</Level><TimeCreated SystemTime="2015-08-14T10:25:57.0629581Z" /><Source Name="System.ServiceModel" /><Correlation ActivityID="{00000000-0000-0000-0000-000000000000}" /><Execution ProcessName="iisexpress" ProcessID="5212" ThreadID="9" /><Channel/><Computer>FRDS4ELLL7</Computer></System><ApplicationData><TraceData><DataItem><TraceRecord xmlns="http://schemas.microsoft.com/2004/10/E2ETraceEvent/TraceRecord" Severity="Error"><TraceIdentifier>http://msdn.microsoft.com/fr-FR/library/System.ServiceModel.Diagnostics.ThrowingException.aspx</TraceIdentifier><Description>Levée d'une exception.</Description><AppDomain>/LM/W3SVC/2/ROOT-1-130840215559418460</AppDomain><Exception><ExceptionType>System.ServiceModel.ProtocolException, System.ServiceModel, Version=4.0.0.0, Culture=neutral, PublicKeyToken=b77a5c561934e089</ExceptionType><Message>Un type de contenu application/soap+xml; charset=utf-8 a été envoyé à un service qui attendait le type text/xml; charset=utf-8. Les liaisons du client et du service peuvent ne pas être en correspondance.</Message><StackTrace>   à System.ServiceModel.Channels.HttpInput.ThrowHttpProtocolException(String message, HttpStatusCode statusCode, String statusDescription)
   à System.ServiceModel.Channels.HttpInput.ValidateContentType()
   à System.ServiceModel.Channels.HttpInput.ParseMessageAsyncResult.BeginParse()
   à System.ServiceModel.Channels.HttpInput.BeginParseIncomingMessage(HttpRequestMessage httpRequestMessage, AsyncCallback callback, Object state)
   à System.ServiceModel.Channels.HttpPipeline.EmptyHttpPipeline.BeginParseIncomingMessage(AsyncCallback asynCallback, Object state)
   à System.ServiceModel.Channels.HttpPipeline.EnqueueMessageAsyncResult..ctor(ReplyChannelAcceptor acceptor, Action dequeuedCallback, HttpPipeline pipeline, AsyncCallback callback, Object state)
   à System.ServiceModel.Channels.HttpPipeline.EmptyHttpPipeline.BeginProcessInboundRequest(ReplyChannelAcceptor replyChannelAcceptor, Action dequeuedCallback, AsyncCallback callback, Object state)
   à System.ServiceModel.Channels.HttpChannelListener`1.HttpContextReceivedAsyncResult`1.ProcessHttpContextAsync()
   à System.ServiceModel.Channels.HttpChannelListener`1.BeginHttpContextReceived(HttpRequestContext context, Action acceptorCallback, AsyncCallback callback, Object state)
   à System.ServiceModel.Activation.HostedHttpTransportManager.HttpContextReceived(HostedHttpRequestAsyncResult result)
   à System.ServiceModel.Activation.HostedHttpRequestAsyncResult.HandleRequest()
   à System.ServiceModel.Activation.HostedHttpRequestAsyncResult.BeginRequest()
   à System.ServiceModel.Activation.HostedHttpRequestAsyncResult.OnBeginRequest(Object state)
   à System.ServiceModel.AspNetPartialTrustHelpers.PartialTrustInvoke(ContextCallback callback, Object state)
   à System.ServiceModel.Activation.HostedHttpRequestAsyncResult.OnBeginRequestWithFlow(Object state)
   à System.Runtime.IOThreadScheduler.ScheduledOverlapped.IOCallback(UInt32 errorCode, UInt32 numBytes, NativeOverlapped* nativeOverlapped)
   à System.Runtime.Fx.IOCompletionThunk.UnhandledExceptionFrame(UInt32 error, UInt32 bytesRead, NativeOverlapped* nativeOverlapped)
   à System.Threading._IOCompletionCallback.PerformIOCompletionCallback(UInt32 errorCode, UInt32 numBytes, NativeOverlapped* pOVERLAP)
</StackTrace><ExceptionString>System.ServiceModel.ProtocolException: Un type de contenu application/soap+xml; charset=utf-8 a été envoyé à un service qui attendait le type text/xml; charset=utf-8. Les liaisons du client et du service peuvent ne pas être en correspondance.</ExceptionString><DataItems><Data><Key>System.ServiceModel.Channels.HttpInput.HttpStatusCode</Key><Value>UnsupportedMediaType</Value></Data><Data><Key>System.ServiceModel.Channels.HttpInput.HttpStatusDescription</Key><Value>Cannot process the message because the content type 'application/soap+xml; charset=utf-8' was not the expected type 'text/xml; charset=utf-8'.</Value></Data></DataItems></Exception></TraceRecord></DataItem></TraceData></ApplicationData></E2ETraceEvent><E2ETraceEvent xmlns="http://schemas.microsoft.com/2004/06/E2ETraceEvent"><System xmlns="http://schemas.microsoft.com/2004/06/windows/eventlog/system"><EventID>131075</EventID><Type>3</Type><SubType Name="Error">0</SubType><Level>2</Level><TimeCreated SystemTime="2015-08-14T10:26:57.9320444Z" /><Source Name="System.ServiceModel" /><Correlation ActivityID="{00000000-0000-0000-0000-000000000000}" /><Execution ProcessName="iisexpress" ProcessID="11164" ThreadID="9" /><Channel/><Computer>FRDS4ELLL7</Computer></System><ApplicationData><TraceData><DataItem><TraceRecord xmlns="http://schemas.microsoft.com/2004/10/E2ETraceEvent/TraceRecord" Severity="Error"><TraceIdentifier>http://msdn.microsoft.com/fr-FR/library/System.ServiceModel.Diagnostics.ThrowingException.aspx</TraceIdentifier><Description>Levée d'une exception.</Description><AppDomain>/LM/W3SVC/2/ROOT-1-130840216169689481</AppDomain><Exception><ExceptionType>System.ServiceModel.ProtocolException, System.ServiceModel, Version=4.0.0.0, Culture=neutral, PublicKeyToken=b77a5c561934e089</ExceptionType><Message>Un type de contenu application/soap+xml; charset=utf-8 a été envoyé à un service qui attendait le type text/xml; charset=utf-8. Les liaisons du client et du service peuvent ne pas être en correspondance.</Message><StackTrace>   à System.ServiceModel.Channels.HttpInput.ThrowHttpProtocolException(String message, HttpStatusCode statusCode, String statusDescription)
   à System.ServiceModel.Channels.HttpInput.ValidateContentType()
   à System.ServiceModel.Channels.HttpInput.ParseMessageAsyncResult.BeginParse()
   à System.ServiceModel.Channels.HttpInput.BeginParseIncomingMessage(HttpRequestMessage httpRequestMessage, AsyncCallback callback, Object state)
   à System.ServiceModel.Channels.HttpPipeline.EmptyHttpPipeline.BeginParseIncomingMessage(AsyncCallback asynCallback, Object state)
   à System.ServiceModel.Channels.HttpPipeline.EnqueueMessageAsyncResult..ctor(ReplyChannelAcceptor acceptor, Action dequeuedCallback, HttpPipeline pipeline, AsyncCallback callback, Object state)
   à System.ServiceModel.Channels.HttpPipeline.EmptyHttpPipeline.BeginProcessInboundRequest(ReplyChannelAcceptor replyChannelAcceptor, Action dequeuedCallback, AsyncCallback callback, Object state)
   à System.ServiceModel.Channels.HttpChannelListener`1.HttpContextReceivedAsyncResult`1.ProcessHttpContextAsync()
   à System.ServiceModel.Channels.HttpChannelListener`1.BeginHttpContextReceived(HttpRequestContext context, Action acceptorCallback, AsyncCallback callback, Object state)
   à System.ServiceModel.Activation.HostedHttpTransportManager.HttpContextReceived(HostedHttpRequestAsyncResult result)
   à System.ServiceModel.Activation.HostedHttpRequestAsyncResult.HandleRequest()
   à System.ServiceModel.Activation.HostedHttpRequestAsyncResult.BeginRequest()
   à System.ServiceModel.Activation.HostedHttpRequestAsyncResult.OnBeginRequest(Object state)
   à System.ServiceModel.AspNetPartialTrustHelpers.PartialTrustInvoke(ContextCallback callback, Object state)
   à System.ServiceModel.Activation.HostedHttpRequestAsyncResult.OnBeginRequestWithFlow(Object state)
   à System.Runtime.IOThreadScheduler.ScheduledOverlapped.IOCallback(UInt32 errorCode, UInt32 numBytes, NativeOverlapped* nativeOverlapped)
   à System.Runtime.Fx.IOCompletionThunk.UnhandledExceptionFrame(UInt32 error, UInt32 bytesRead, NativeOverlapped* nativeOverlapped)
   à System.Threading._IOCompletionCallback.PerformIOCompletionCallback(UInt32 errorCode, UInt32 numBytes, NativeOverlapped* pOVERLAP)
</StackTrace><ExceptionString>System.ServiceModel.ProtocolException: Un type de contenu application/soap+xml; charset=utf-8 a été envoyé à un service qui attendait le type text/xml; charset=utf-8. Les liaisons du client et du service peuvent ne pas être en correspondance.</ExceptionString><DataItems><Data><Key>System.ServiceModel.Channels.HttpInput.HttpStatusCode</Key><Value>UnsupportedMediaType</Value></Data><Data><Key>System.ServiceModel.Channels.HttpInput.HttpStatusDescription</Key><Value>Cannot process the message because the content type 'application/soap+xml; charset=utf-8' was not the expected type 'text/xml; charset=utf-8'.</Value></Data></DataItems></Exception></TraceRecord></DataItem></TraceData></ApplicationData></E2ETraceEvent><E2ETraceEvent xmlns="http://schemas.microsoft.com/2004/06/E2ETraceEvent"><System xmlns="http://schemas.microsoft.com/2004/06/windows/eventlog/system"><EventID>131075</EventID><Type>3</Type><SubType Name="Error">0</SubType><Level>2</Level><TimeCreated SystemTime="2015-08-14T10:26:57.9560468Z" /><Source Name="System.ServiceModel" /><Correlation ActivityID="{00000000-0000-0000-0000-000000000000}" /><Execution ProcessName="iisexpress" ProcessID="11164" ThreadID="11" /><Channel/><Computer>FRDS4ELLL7</Computer></System><ApplicationData><TraceData><DataItem><TraceRecord xmlns="http://schemas.microsoft.com/2004/10/E2ETraceEvent/TraceRecord" Severity="Error"><TraceIdentifier>http://msdn.microsoft.com/fr-FR/library/System.ServiceModel.Diagnostics.ThrowingException.aspx</TraceIdentifier><Description>Levée d'une exception.</Description><AppDomain>/LM/W3SVC/2/ROOT-1-130840216169689481</AppDomain><Exception><ExceptionType>System.ServiceModel.ProtocolException, System.ServiceModel, Version=4.0.0.0, Culture=neutral, PublicKeyToken=b77a5c561934e089</ExceptionType><Message>Un type de contenu application/soap+xml; charset=utf-8 a été envoyé à un service qui attendait le type text/xml; charset=utf-8. Les liaisons du client et du service peuvent ne pas être en correspondance.</Message><StackTrace>   à System.ServiceModel.Channels.HttpInput.ThrowHttpProtocolException(String message, HttpStatusCode statusCode, String statusDescription)
   à System.ServiceModel.Channels.HttpInput.ValidateContentType()
   à System.ServiceModel.Channels.HttpInput.ParseMessageAsyncResult.BeginParse()
   à System.ServiceModel.Channels.HttpInput.BeginParseIncomingMessage(HttpRequestMessage httpRequestMessage, AsyncCallback callback, Object state)
   à System.ServiceModel.Channels.HttpPipeline.EmptyHttpPipeline.BeginParseIncomingMessage(AsyncCallback asynCallback, Object state)
   à System.ServiceModel.Channels.HttpPipeline.EnqueueMessageAsyncResult..ctor(ReplyChannelAcceptor acceptor, Action dequeuedCallback, HttpPipeline pipeline, AsyncCallback callback, Object state)
   à System.ServiceModel.Channels.HttpPipeline.EmptyHttpPipeline.BeginProcessInboundRequest(ReplyChannelAcceptor replyChannelAcceptor, Action dequeuedCallback, AsyncCallback callback, Object state)
   à System.ServiceModel.Channels.HttpChannelListener`1.HttpContextReceivedAsyncResult`1.ProcessHttpContextAsync()
   à System.ServiceModel.Channels.HttpChannelListener`1.BeginHttpContextReceived(HttpRequestContext context, Action acceptorCallback, AsyncCallback callback, Object state)
   à System.ServiceModel.Activation.HostedHttpTransportManager.HttpContextReceived(HostedHttpRequestAsyncResult result)
   à System.ServiceModel.Activation.HostedHttpRequestAsyncResult.HandleRequest()
   à System.ServiceModel.Activation.HostedHttpRequestAsyncResult.BeginRequest()
   à System.ServiceModel.Activation.HostedHttpRequestAsyncResult.OnBeginRequest(Object state)
   à System.ServiceModel.AspNetPartialTrustHelpers.PartialTrustInvoke(ContextCallback callback, Object state)
   à System.ServiceModel.Activation.HostedHttpRequestAsyncResult.OnBeginRequestWithFlow(Object state)
   à System.Runtime.IOThreadScheduler.ScheduledOverlapped.IOCallback(UInt32 errorCode, UInt32 numBytes, NativeOverlapped* nativeOverlapped)
   à System.Runtime.Fx.IOCompletionThunk.UnhandledExceptionFrame(UInt32 error, UInt32 bytesRead, NativeOverlapped* nativeOverlapped)
   à System.Threading._IOCompletionCallback.PerformIOCompletionCallback(UInt32 errorCode, UInt32 numBytes, NativeOverlapped* pOVERLAP)
</StackTrace><ExceptionString>System.ServiceModel.ProtocolException: Un type de contenu application/soap+xml; charset=utf-8 a été envoyé à un service qui attendait le type text/xml; charset=utf-8. Les liaisons du client et du service peuvent ne pas être en correspondance.</ExceptionString><DataItems><Data><Key>System.ServiceModel.Channels.HttpInput.HttpStatusCode</Key><Value>UnsupportedMediaType</Value></Data><Data><Key>System.ServiceModel.Channels.HttpInput.HttpStatusDescription</Key><Value>Cannot process the message because the content type 'application/soap+xml; charset=utf-8' was not the expected type 'text/xml; charset=utf-8'.</Value></Data></DataItems></Exception></TraceRecord></DataItem></TraceData></ApplicationData></E2ETraceEvent>